TN:
SF:src/indexRouterV1.js
FNF:0
FNH:0
DA:1,0
DA:2,0
DA:5,0
DA:6,0
DA:9,0
DA:10,0
DA:12,0
LF:7
LH:0
BRF:0
BRH:0
end_of_record
TN:
SF:src/features/auth/controllers.js
FN:9,(anonymous_0)
FN:196,(anonymous_1)
FN:251,(anonymous_2)
FNF:3
FNH:3
FNDA:7,(anonymous_0)
FNDA:2,(anonymous_1)
FNDA:3,(anonymous_2)
DA:1,1
DA:2,1
DA:3,1
DA:9,1
DA:10,7
DA:11,7
DA:12,7
DA:14,7
DA:15,7
DA:18,7
DA:19,0
DA:27,0
DA:35,7
DA:36,7
DA:37,0
DA:46,0
DA:54,7
DA:55,7
DA:58,7
DA:59,0
DA:67,0
DA:75,7
DA:76,0
DA:85,0
DA:93,7
DA:95,7
DA:97,1
DA:100,6
DA:103,7
DA:104,0
DA:113,0
DA:121,7
DA:122,7
DA:124,7
DA:125,0
DA:134,0
DA:141,7
DA:147,7
DA:150,7
DA:151,7
DA:162,7
DA:175,0
DA:185,0
DA:196,1
DA:197,2
DA:198,2
DA:200,2
DA:201,0
DA:208,2
DA:209,2
DA:211,2
DA:213,2
DA:224,0
DA:225,0
DA:232,0
DA:233,0
DA:240,0
DA:251,1
DA:252,3
DA:253,3
DA:255,3
DA:256,0
DA:263,3
DA:264,3
DA:265,3
DA:267,3
DA:279,0
DA:287,1
LF:68
LH:46
BRDA:11,0,0,7
BRDA:11,0,1,0
BRDA:12,1,0,7
BRDA:12,1,1,0
BRDA:18,2,0,0
BRDA:18,2,1,7
BRDA:18,3,0,7
BRDA:18,3,1,7
BRDA:36,4,0,0
BRDA:36,4,1,7
BRDA:58,5,0,0
BRDA:58,5,1,7
BRDA:58,6,0,7
BRDA:58,6,1,7
BRDA:75,7,0,0
BRDA:75,7,1,7
BRDA:95,8,0,1
BRDA:95,8,1,6
BRDA:103,9,0,0
BRDA:103,9,1,7
BRDA:122,10,0,7
BRDA:122,10,1,1
BRDA:124,11,0,0
BRDA:124,11,1,7
BRDA:200,12,0,0
BRDA:200,12,1,2
BRDA:200,13,0,2
BRDA:200,13,1,2
BRDA:224,14,0,0
BRDA:224,14,1,0
BRDA:232,15,0,0
BRDA:232,15,1,0
BRDA:255,16,0,0
BRDA:255,16,1,3
BRDA:255,17,0,3
BRDA:255,17,1,3
BRF:36
BRH:22
end_of_record
TN:
SF:src/features/auth/index.js
FNF:0
FNH:0
DA:1,0
DA:3,0
LF:2
LH:0
BRF:0
BRH:0
end_of_record
TN:
SF:src/features/auth/router.js
FN:11,(anonymous_0)
FN:285,(anonymous_1)
FN:301,(anonymous_2)
FNF:3
FNH:0
FNDA:0,(anonymous_0)
FNDA:0,(anonymous_1)
FNDA:0,(anonymous_2)
DA:1,0
DA:2,0
DA:3,0
DA:4,0
DA:7,0
DA:8,0
DA:9,0
DA:11,0
DA:12,0
DA:13,0
DA:15,0
DA:16,0
DA:19,0
DA:22,0
DA:23,0
DA:24,0
DA:27,0
DA:28,0
DA:35,0
DA:43,0
DA:44,0
DA:203,0
DA:234,0
DA:259,0
DA:285,0
DA:287,0
DA:293,0
DA:301,0
DA:302,0
DA:311,0
DA:318,0
LF:31
LH:0
BRDA:12,0,0,0
BRDA:12,0,1,0
BRDA:15,1,0,0
BRDA:15,1,1,0
BRDA:22,2,0,0
BRDA:22,2,1,0
BRDA:27,3,0,0
BRDA:27,3,1,0
BRDA:290,4,0,0
BRDA:290,4,1,0
BRF:10
BRH:0
end_of_record
TN:
SF:src/features/health/router.js
FN:20,(anonymous_0)
FN:51,(anonymous_1)
FNF:2
FNH:0
FNDA:0,(anonymous_0)
FNDA:0,(anonymous_1)
DA:1,0
DA:2,0
DA:3,0
DA:20,0
DA:21,0
DA:51,0
DA:52,0
DA:54,0
DA:56,0
DA:63,0
DA:72,0
LF:11
LH:0
BRDA:26,0,0,0
BRDA:26,0,1,0
BRDA:67,1,0,0
BRDA:67,1,1,0
BRF:4
BRH:0
end_of_record
TN:
SF:src/shared/middleware/auth.js
FN:9,(anonymous_0)
FN:126,(anonymous_1)
FN:167,(anonymous_2)
FNF:3
FNH:0
FNDA:0,(anonymous_0)
FNDA:0,(anonymous_1)
FNDA:0,(anonymous_2)
DA:1,0
DA:2,0
DA:9,0
DA:10,0
DA:11,0
DA:13,0
DA:14,0
DA:23,0
DA:30,0
DA:31,0
DA:33,0
DA:34,0
DA:40,0
DA:48,0
DA:51,0
DA:58,0
DA:66,0
DA:69,0
DA:75,0
DA:76,0
DA:86,0
DA:87,0
DA:88,0
DA:98,0
DA:100,0
DA:110,0
DA:117,0
DA:126,0
DA:127,0
DA:128,0
DA:130,0
DA:132,0
DA:133,0
DA:136,0
DA:137,0
DA:139,0
DA:140,0
DA:141,0
DA:144,0
DA:146,0
DA:153,0
DA:157,0
DA:158,0
DA:167,0
DA:168,0
DA:169,0
DA:176,0
DA:177,0
DA:187,0
DA:194,0
DA:197,0
LF:51
LH:0
BRDA:13,0,0,0
BRDA:13,0,1,0
BRDA:13,1,0,0
BRDA:13,1,1,0
BRDA:19,2,0,0
BRDA:19,2,1,0
BRDA:33,3,0,0
BRDA:33,3,1,0
BRDA:75,4,0,0
BRDA:75,4,1,0
BRDA:82,5,0,0
BRDA:82,5,1,0
BRDA:87,6,0,0
BRDA:87,6,1,0
BRDA:94,7,0,0
BRDA:94,7,1,0
BRDA:130,8,0,0
BRDA:130,8,1,0
BRDA:130,9,0,0
BRDA:130,9,1,0
BRDA:139,10,0,0
BRDA:139,10,1,0
BRDA:168,11,0,0
BRDA:168,11,1,0
BRDA:176,12,0,0
BRDA:176,12,1,0
BRF:26
BRH:0
end_of_record
TN:
SF:src/shared/services/logger.js
FN:11,(anonymous_0)
FNF:1
FNH:0
FNDA:0,(anonymous_0)
DA:1,0
DA:2,0
DA:4,0
DA:6,0
DA:12,0
DA:13,0
DA:36,0
LF:7
LH:0
BRDA:7,0,0,0
BRDA:7,0,1,0
BRDA:12,1,0,0
BRDA:12,1,1,0
BRF:4
BRH:0
end_of_record
